c:\users\edson\desktop\estructuradatos\debug\vc142.pdb
c:\users\edson\desktop\estructuradatos\debug\vc142.idb
c:\users\edson\desktop\estructuradatos\debug\tree.obj
c:\users\edson\desktop\estructuradatos\debug\paciente.obj
c:\users\edson\desktop\estructuradatos\debug\main.obj
c:\users\edson\desktop\estructuradatos\debug\linked_list.obj
c:\users\edson\desktop\estructuradatos\debug\especialidad.obj
c:\users\edson\desktop\estructuradatos\debug\datmedico.obj
c:\users\edson\desktop\estructuradatos\debug\estructuradatos.exe
c:\users\edson\desktop\estructuradatos\debug\estructuradatos.ilk
c:\users\edson\desktop\estructuradatos\debug\estructuradatos.pdb
c:\users\edson\desktop\estructuradatos\debug\estructuradatos.res
c:\users\edson\desktop\estructuradatos\debug\estructuradatos.tlog\cl.command.1.tlog
c:\users\edson\desktop\estructuradatos\debug\estructuradatos.tlog\cl.read.1.tlog
c:\users\edson\desktop\estructuradatos\debug\estructuradatos.tlog\cl.write.1.tlog
c:\users\edson\desktop\estructuradatos\debug\estructuradatos.tlog\link.command.1.tlog
c:\users\edson\desktop\estructuradatos\debug\estructuradatos.tlog\link.read.1.tlog
c:\users\edson\desktop\estructuradatos\debug\estructuradatos.tlog\link.write.1.tlog
c:\users\edson\desktop\estructuradatos\debug\estructuradatos.tlog\rc.command.1.tlog
c:\users\edson\desktop\estructuradatos\debug\estructuradatos.tlog\rc.read.1.tlog
c:\users\edson\desktop\estructuradatos\debug\estructuradatos.tlog\rc.write.1.tlog
